<?xml version="1.0" encoding="UTF-8"?>
<!-- Generated by org.testng.reporters.JUnitReportReporter -->
<testsuite skipped="0" hostname="kushan" name="TestCalcPkg.CalculatorTest" tests="1" failures="0" timestamp="27 Dec 2018 01:11:34 GMT" time="11.930" errors="0">
  <testcase name="testCal" time="11.930" classname="TestCalcPkg.CalculatorTest"/>
</testsuite> <!-- TestCalcPkg.CalculatorTest -->
